<?xml version="1.0" encoding="UTF-8"?>
<testng-results ignored="0" total="3" passed="3" failed="0" skipped="0">
  <reporter-output>
  </reporter-output>
  <suite started-at="2023-03-24T12:48:58 BDT" name="Suite" finished-at="2023-03-24T12:49:32 BDT" duration-ms="34218">
    <groups>
    </groups>
    <test started-at="2023-03-24T12:48:58 BDT" name="Test" finished-at="2023-03-24T12:49:32 BDT" duration-ms="34218">
      <class name="docker.SetupDockerGrid">
        <test-method is-config="true" signature="startDockerGrid()[pri:0, instance:docker.SetupDockerGrid@4944252c]" started-at="2023-03-24T12:48:58 BDT" name="startDockerGrid" finished-at="2023-03-24T12:49:13 BDT" duration-ms="15014" status="PASS">
          <reporter-output>
          </reporter-output>
        </test-method> <!-- startDockerGrid -->
        <test-method is-config="true" signature="stopDockerGrid()[pri:0, instance:docker.SetupDockerGrid@4944252c]" started-at="2023-03-24T12:49:27 BDT" name="stopDockerGrid" finished-at="2023-03-24T12:49:32 BDT" duration-ms="5010" status="PASS">
          <reporter-output>
          </reporter-output>
        </test-method> <!-- stopDockerGrid -->
      </class> <!-- docker.SetupDockerGrid -->
      <class name="docker.ChromeTest">
        <test-method signature="test()[pri:0, instance:docker.ChromeTest@693fe6c9]" started-at="2023-03-24T12:49:13 BDT" name="test" finished-at="2023-03-24T12:49:19 BDT" duration-ms="5485" status="PASS">
          <reporter-output>
          </reporter-output>
        </test-method> <!-- test -->
      </class> <!-- docker.ChromeTest -->
      <class name="docker.FirefoxTest">
        <test-method signature="test()[pri:0, instance:docker.FirefoxTest@34f5090e]" started-at="2023-03-24T12:49:13 BDT" name="test" finished-at="2023-03-24T12:49:18 BDT" duration-ms="4892" status="PASS">
          <reporter-output>
          </reporter-output>
        </test-method> <!-- test -->
      </class> <!-- docker.FirefoxTest -->
      <class name="docker.EdgeTest">
        <test-method signature="test()[pri:0, instance:docker.EdgeTest@31e5415e]" started-at="2023-03-24T12:49:13 BDT" name="test" finished-at="2023-03-24T12:49:27 BDT" duration-ms="14176" status="PASS">
          <reporter-output>
          </reporter-output>
        </test-method> <!-- test -->
      </class> <!-- docker.EdgeTest -->
    </test> <!-- Test -->
  </suite> <!-- Suite -->
</testng-results>
